<?xml version="1.0" encoding="UTF-8"?>
<testsuites name="New Test Suite" time="9.734" tests="1" failures="0" errors="0">
   <testsuite name="New Test Suite" tests="1" failures="0" errors="0" time="9.734" timestamp="2020-05-14 12:06:03" hostname="EDZ - LAPTOP-EEQONEP4" id="Test Suites/New Test Suite">
      <properties>
         <property name="deviceName" value=""/>
         <property name="devicePlatform" value=""/>
         <property name="logFolder" value="D:\\WorkSpace\\KatalonWorkSpace\\iCreditHY-ComDetail\\Reports\\20200514_120556\\New Test Suite\\20200514_120556"/>
         <property name="logFiles" value="D:\\WorkSpace\\KatalonWorkSpace\\iCreditHY-ComDetail\\Reports\\20200514_120556\\New Test Suite\\20200514_120556\\execution0.log"/>
         <property name="attachments" value=""/>
         <property name="hostName" value="EDZ - LAPTOP-EEQONEP4"/>
         <property name="os" value="Windows 10 64bit"/>
         <property name="katalonVersion" value="7.4.0.1"/>
         <property name="browser" value="Chrome 81.0.4044.138"/>
         <property name="hostAddress" value="192.168.0.137"/>
         <property name="sessionId" value="0b0299407f5a405f5b53ce2d767c08f7"/>
         <property name="seleniumVersion" value="3.141.59"/>
         <property name="proxyInformation" value="ProxyInformation{proxyOption=NO_PROXY, proxyServerType=HTTP, password=, proxyServerAddress=, proxyServerPort=0, executionList=}"/>
         <property name="platform" value="Windows 10"/>
      </properties>
      <testcase name="Test Cases/GovDetail/GovLogin" time="8.805" classname="Test Cases/GovDetail/GovLogin" status="PASSED">
         <system-out><![CDATA[2020-05-14 12:06:03 - [TEST_CASE][PASSED] - Test Cases/GovDetail/GovLogin: Test Cases/GovDetail/GovLogin

2020-05-14 12:06:03 - [TEST_STEP][PASSED] - openBrowser(""): Browser is opened with url: ''

2020-05-14 12:06:04 - [MESSAGE][INFO] - Starting 'Chrome' driver

2020-05-14 12:06:04 - [MESSAGE][INFO] - Action delay is set to 0 milliseconds

2020-05-14 12:06:07 - [MESSAGE][PASSED] - Browser is opened with url: ''

2020-05-14 12:06:07 - [TEST_STEP][PASSED] - navigateToUrl("http://192.168.0.49:8003/login"): Navigate to 'http://192.168.0.49:8003/login' successfully

2020-05-14 12:06:08 - [MESSAGE][PASSED] - Navigate to 'http://192.168.0.49:8003/login' successfully

2020-05-14 12:06:08 - [TEST_STEP][PASSED] - maximizeWindow(): Current window maximized

2020-05-14 12:06:10 - [MESSAGE][PASSED] - Current window maximized

2020-05-14 12:06:10 - [TEST_STEP][PASSED] - click(findTestObject("Object Repository/GovLogin/Page_/span_")): Object: 'Object Repository/GovLogin/Page_/span_' is clicked on

2020-05-14 12:06:10 - [MESSAGE][PASSED] - Object: 'Object Repository/GovLogin/Page_/span_' is clicked on

2020-05-14 12:06:10 - [TEST_STEP][PASSED] - setText(findTestObject("Object Repository/GovLogin/Page_/input__el-input__inner"), "govdarren"): Text 'govdarren' is set on object 'Object Repository/GovLogin/Page_/input__el-input__inner'

2020-05-14 12:06:11 - [MESSAGE][PASSED] - Text 'govdarren' is set on object 'Object Repository/GovLogin/Page_/input__el-input__inner'

2020-05-14 12:06:11 - [TEST_STEP][PASSED] - setEncryptedText(findTestObject("Object Repository/GovLogin/Page_/input__el-input__inner_1"), "aeHFOx8jV/A="): Text ****** has been set on object 'Object Repository/GovLogin/Page_/input__el-input__inner_1'

2020-05-14 12:06:11 - [MESSAGE][PASSED] - Text ****** has been set on object 'Object Repository/GovLogin/Page_/input__el-input__inner_1'

2020-05-14 12:06:11 - [TEST_STEP][PASSED] - dragAndDropByOffset(findTestObject("Object Repository/GovLogin/Page_/i__el-icon-d-arrow-right"), 435, 0): Dragged object with id 'Object Repository/GovLogin/Page_/i__el-icon-d-arrow-right' by offset distance x = 435 and y = 0 successfully

2020-05-14 12:06:12 - [MESSAGE][PASSED] - Dragged object with id 'Object Repository/GovLogin/Page_/i__el-icon-d-arrow-right' by offset distance x = 435 and y = 0 successfully

2020-05-14 12:06:12 - [TEST_STEP][PASSED] - click(findTestObject("Object Repository/GovLogin/Page_/button_")): Object: 'Object Repository/GovLogin/Page_/button_' is clicked on

2020-05-14 12:06:12 - [MESSAGE][PASSED] - Object: 'Object Repository/GovLogin/Page_/button_' is clicked on]]></system-out>
         <system-err><![CDATA[]]></system-err>
      </testcase>
      <system-out><![CDATA[2020-05-14 12:06:03 - [TEST_SUITE][PASSED] - New Test Suite: Test Cases/GovDetail/GovLogin]]></system-out>
      <system-err><![CDATA[]]></system-err>
   </testsuite>
</testsuites>
